 _ _ _ _ _ _ _ _ _ _
|_  |_  | |_   _ _  |
|  _  |  _ _| | |_  |
| |  _ _  |     | | |
|_|_ _ _|_  |_| | | |
|_   _     _ _| | |_|
|_ _  |_|_| |_   _  |
| | |_    | |     | |
| | |  _|_|  _|_| | |
|    _    |_| |   | |
|_|_ _|_|_ _ _|_|_|_|
(ruta:L: E S E S E E S E N E E S S S E E S S S S)
(ruta:S: E S O S S N N E E S O S E E O O N E E E S E S O O O O O E S O E E S E S O S O N N S S O N N S S S N E S E O N E E S N E S E E N S O O N O O N E N E S N O O N O N E E S N E S N E E O N N E S N E S S S O E S O S O N N S S S N E N E S N E S S O S N E S N N N O N E E S S S S)
(ruta:H: N E S E O N E E S N E S E E N S O O N O O N E N E S N O O N O N E E S N E S N E E O N N E S N E S S S O E S O S O N N S S S N E N E S N E S S O S N E S N N N O N E E S S S S)
(ruta:D: N N N N O O N N N O N N E E E O O O S S O S O N O O N O N O E S E S E E S E S O O O O S E S E S O S O O S N E E N E N O N O N E E E E N N E E S S S E E S S S S)
(turno:0)
(galaxia:99)
(puerta:cerrada:5: 1 3 5 7 9 11 13 15 17 19 21 23 25 27 29:)
 _ _ _ _ _ _ _ _ _ _
|2  |_  | |_   _ _  |
|  _  |  _ _| | |_  |
| |  _ _  |     | | |
|_|_ _ _|_  |_| | | |
|_   _     _ _| | |_|
|_ _  |_|_| |_   _  |
| | |_    | |     | |
| | |  _|_|  _|_| | |
|    _    |_| |   | |
|H|_ _|_|_ _ _|_|_|D|
(estacion:0: 0 1 1 2 3)
(estacion:1: 3 4 5 5 6)
(estacion:11: 7 7 8 9 9)
(estacion:12: 10 11 11 12 13)
(estacion:22: 13 14 15 15 16)
(estacion:23: 17 17 18 19 19)
(estacion:24: 20 21 21 22 23)
(estacion:34: 23 24 25 25 26)
(estacion:35: 27 27 28 29 29)
(familiareal:L:0:1:)
(jedi:S:0:2:)
(contrabanadista:H:90:1:)
(imperial:D:99:1: 29 27 25 23 21 19 17 15 13 11 9 7 5 3 1)
(turno:1)
(galaxia:99)
(puerta:cerrada:5: 1 3 5 7 9 11 13 15 17 19 21 23 25 27 29:)
 _ _ _ _ _ _ _ _ _ _
|S L|_  | |_   _ _  |
|  _  |  _ _| | |_  |
| |  _ _  |     | | |
|_|_ _ _|_  |_| | | |
|_   _     _ _| | |_|
|_ _  |_|_| |_   _  |
| | |_    | |     | |
| | |  _|_|  _|_| | |
|H   _    |_| |   |D|
|_|_ _|_|_ _ _|_|_|_|
(estacion:0: 0 1 1 2 3)
(estacion:1: 4 5 5 6)
(estacion:11: 7 7 8 9 9)
(estacion:12: 10 11 11 12 13)
(estacion:22: 13 14 15 15 16)
(estacion:23: 17 17 18 19 19)
(estacion:24: 20 21 21 22 23)
(estacion:34: 23 24 25 25 26)
(estacion:35: 27 27 28 29 29)
(jedi:S:0:2:)
(familiareal:L:1:1: 3)
(contrabanadista:H:80:1:)
(imperial:D:89:1: 29 27 25 23 21 19 17 15 13 11 9 7 5 3 1)
(turno:2)
(galaxia:99)
(puerta:cerrada:5: 1 3 5 7 9 11 13 15 17 19 21 23 25 27 29:)
 _ _ _ _ _ _ _ _ _ _
|_ S|_  | |_   _ _  |
|  L  |  _ _| | |_  |
| |  _ _  |     | | |
|_|_ _ _|_  |_| | | |
|_   _     _ _| | |_|
|_ _  |_|_| |_   _  |
| | |_    | |     | |
| | |  _|_|  _|_| |D|
|  H _    |_| |   | |
|_|_ _|_|_ _ _|_|_|_|
(estacion:0: 0 1 1 2 3)
(estacion:1: 5 5 6)
(estacion:11: 7 8 9 9)
(estacion:12: 10 11 11 12 13)
(estacion:22: 13 14 15 15 16)
(estacion:23: 17 17 18 19 19)
(estacion:24: 20 21 21 22 23)
(estacion:34: 23 24 25 25 26)
(estacion:35: 27 27 28 29 29)
(jedi:S:1:2: 4)
(familiareal:L:11:2: 7 3)
(imperial:D:79:2: 29 27 25 23 21 19 17 15 13 11 9 7 5 3 1)
(contrabanadista:H:81:2:)
(turno:3)
(galaxia:99)
(puerta:cerrada:5: 1 3 5 7 9 11 13 15 17 19 21 23 25 27 29:)
 _ _ _ _ _ _ _ _ _ _
|_  |_  | |_   _ _  |
|  S L|  _ _| | |_  |
| |  _ _  |     | | |
|_|_ _ _|_  |_| | | |
|_   _     _ _| | |_|
|_ _  |_|_| |_   _  |
| | |_    | |     |D|
| | |  _|_|  _|_| | |
|    _    |_| |   | |
|_|H _|_|_ _ _|_|_|_|
(estacion:0: 0 1 1 2 3)
(estacion:1: 5 5 6)
(estacion:11: 8 9 9)
(estacion:12: 11 11 12 13)
(estacion:22: 13 14 15 15 16)
(estacion:23: 17 17 18 19 19)
(estacion:24: 20 21 21 22 23)
(estacion:34: 23 24 25 25 26)
(estacion:35: 27 27 28 29 29)
(jedi:S:11:3: 7 4)
(familiareal:L:12:3: 10 7 3)
(imperial:D:69:3: 29 27 25 23 21 19 17 15 13 11 9 7 5 3 1)
(contrabanadista:H:91:3:)
(turno:4)
(galaxia:99)
(puerta:cerrada:5: 1 3 5 7 9 11 13 15 17 19 21 23 25 27 29:)
 _ _ _ _ _ _ _ _ _ _
|_  |_  | |_   _ _  |
|S _  |  _ _| | |_  |
| |  L _  |     | | |
|_|_ _ _|_  |_| | | |
|_   _     _ _| | |_|
|_ _  |_|_| |_   _ D|
| | |_    | |     | |
| | |  _|_|  _|_| | |
|    _    |_| |   | |
|_|_ H|_|_ _ _|_|_|_|
(estacion:0: 0 1 1 2 3)
(estacion:1: 5 5 6)
(estacion:11: 8 9 9)
(estacion:12: 11 11 12 13)
(estacion:22: 14 15 15 16)
(estacion:23: 17 17 18 19 19)
(estacion:24: 20 21 21 22 23)
(estacion:34: 23 24 25 25 26)
(estacion:35: 27 27 28 29 29)
(jedi:S:10:4: 7 4)
(familiareal:L:22:4: 13 10 7 3)
(imperial:D:59:4: 29 27 25 23 21 19 17 15 13 11 9 7 5 3 1)
(contrabanadista:H:92:4:)
(turno:5)
(galaxia:99)
(puerta:cerrada:5: 1 3 5 7 9 11 13 15 17 19 21 23 25 27 29:)
 _ _ _ _ _ _ _ _ _ _
|_  |_  | |_   _ _  |
|  _  |  _ _| | |_  |
|S|  _ L  |     | | |
|_|_ _ _|_  |_| | | |
|_   _     _ _| | |_|
|_ _  |_|_| |_   D  |
| | |_    | |     | |
| | |  _|_|  _|_| | |
|    _    |_| |   | |
|_|H _|_|_ _ _|_|_|_|
(estacion:0: 0 1 1 2 3)
(estacion:1: 5 5 6)
(estacion:11: 8 9 9)
(estacion:12: 11 11 12 13)
(estacion:22: 14 15 15 16)
(estacion:23: 17 18 19 19)
(estacion:24: 20 21 21 22 23)
(estacion:34: 23 24 25 25 26)
(estacion:35: 27 27 28 29 29)
(estacion:58: 29)
(jedi:S:20:5: 7 4)
(familiareal:L:23:5: 17 13 10 7 3)
(imperial:D:58:5: 27 25 23 21 19 17 15 13 11 9 7 5 3 1)
(contrabanadista:H:91:5:)
(turno:6)
(galaxia:99)
(puerta:cerrada:5: 1 3 5 7 9 11 13 15 17 19 21 23 25 27 29:)
 _ _ _ _ _ _ _ _ _ _
|_  |_  | |_   _ _  |
|  _  |  _ _| | |_  |
| |  _ _ L|     | | |
|S|_ _ _|_  |_| | | |
|_   _     _ _| | |_|
|_ _  |_|_| |_ D _  |
| | |_    | |     | |
| | |  _|_|  _|_| | |
|  H _    |_| |   | |
|_|_ _|_|_ _ _|_|_|_|
(estacion:0: 0 1 1 2 3)
(estacion:1: 5 5 6)
(estacion:11: 8 9 9)
(estacion:12: 11 11 12 13)
(estacion:22: 14 15 15 16)
(estacion:23: 17 18 19 19)
(estacion:24: 21 21 22 23)
(estacion:34: 23 24 25 25 26)
(estacion:35: 27 27 28 29 29)
(estacion:58: 29)
(familiareal:L:24:6: 20 17 13 10 7 3)
(jedi:S:30:6: 7 4)
(imperial:D:57:6: 27 25 23 21 19 17 15 13 11 9 7 5 3 1)
(contrabanadista:H:81:6:)
(turno:7)
(galaxia:99)
(puerta:cerrada:5: 1 3 5 7 9 11 13 15 17 19 21 23 25 27 29:)
 _ _ _ _ _ _ _ _ _ _
|_  |_  | |_   _ _  |
|  _  |  _ _| | |_  |
|S|  _ _  |     | | |
|_|_ _ _|L  |_| | | |
|_   _     _ _|D| |_|
|_ _  |_|_| |_   _  |
| | |_    | |     | |
| | |  _|_|  _|_| | |
|    H    |_| |   | |
|_|_ _|_|_ _ _|_|_|_|
(estacion:0: 0 1 1 2 3)
(estacion:1: 5 5 6)
(estacion:11: 8 9 9)
(estacion:12: 11 11 12 13)
(estacion:22: 14 15 15 16)
(estacion:23: 17 18 19 19)
(estacion:24: 21 21 22 23)
(estacion:34: 24 25 25 26)
(estacion:35: 27 27 28 29 29)
(estacion:58: 29)
(jedi:S:20:7: 7 4)
(familiareal:L:34:7: 23 20 17 13 10 7 3)
(imperial:D:47:7: 27 25 23 21 19 17 15 13 11 9 7 5 3 1)
(contrabanadista:H:82:7:)
(turno:8)
(galaxia:99)
(puerta:cerrada:5: 1 3 5 7 9 11 13 15 17 19 21 23 25 27 29:)
 _ _ _ _ _ _ _ _ _ _
|_  |_  | |_   _ _  |
|S _  |  _ _| | |_  |
| |  _ _  |     | | |
|_|_ _ _|_ L|_|D| | |
|_   _     _ _| | |_|
|_ _  |_|_| |_   _  |
| | |_    | |     | |
| | |  _|_|  _|_| | |
|    _ H  |_| |   | |
|_|_ _|_|_ _ _|_|_|_|
(estacion:0: 0 1 1 2 3)
(estacion:1: 5 5 6)
(estacion:11: 8 9 9)
(estacion:12: 11 11 12 13)
(estacion:22: 14 15 15 16)
(estacion:23: 17 18 19 19)
(estacion:24: 21 21 22 23)
(estacion:34: 24 25 25 26)
(estacion:35: 27 28 29 29)
(estacion:58: 29)
(jedi:S:10:8: 7 4)
(familiareal:L:35:8: 27 23 20 17 13 10 7 3)
(imperial:D:37:8: 27 25 23 21 19 17 15 13 11 9 7 5 3 1)
(contrabanadista:H:83:8:)
(turno:9)
(galaxia:99)
(puerta:cerrada:5: 1 3 5 7 9 11 13 15 17 19 21 23 25 27 29:)
 _ _ _ _ _ _ _ _ _ _
|_  |_  | |_   _ _  |
|  S  |  _ _| | |_  |
| |  _ _  |L   D| | |
|_|_ _ _|_  |_| | | |
|_   _     _ _| | |_|
|_ _  |_|_| |_   _  |
| | |_    | |     | |
| | |  _|_|  _|_| | |
|    _    |_| |   | |
|_|_ _|H|_ _ _|_|_|_|
(estacion:0: 0 1 1 2 3)
(estacion:1: 5 5 6)
(estacion:11: 9 9)
(estacion:12: 11 11 12 13)
(estacion:22: 14 15 15 16)
(estacion:23: 17 18 19 19)
(estacion:24: 21 21 22 23)
(estacion:34: 24 25 25 26)
(estacion:35: 27 28 29 29)
(estacion:58: 29)
(jedi:S:11:9: 8 7 4)
(familiareal:L:25:9: 27 23 20 17 13 10 7 3)
(imperial:D:27:9: 27 25 23 21 19 17 15 13 11 9 7 5 3 1)
(contrabanadista:H:93:9:)
(turno:10)
(galaxia:99)
(puerta:cerrada:5: 1 3 5 7 9 11 13 15 17 19 21 23 25 27 29:)
 _ _ _ _ _ _ _ _ _ _
|_  |_  | |_   _ _  |
|  _ S|  _ _| | |_  |
| |  _ _  |  2  | | |
|_|_ _ _|_  |_| | | |
|_   _     _ _| | |_|
|_ _  |_|_| |_   _  |
| | |_    | |     | |
| | |  _|_|  _|_| | |
|    _ H  |_| |   | |
|_|_ _|_|_ _ _|_|_|_|
(estacion:0: 0 1 1 2 3)
(estacion:1: 5 5 6)
(estacion:11: 9 9)
(estacion:12: 11 12 13)
(estacion:22: 14 15 15 16)
(estacion:23: 17 18 19 19)
(estacion:24: 21 21 22 23)
(estacion:26: 27)
(estacion:34: 24 25 25 26)
(estacion:35: 27 28 29 29)
(estacion:58: 29)
(jedi:S:12:10: 11 8 7 4)
(familiareal:L:26:10: 27 23 20 17 13 10 7 3)
(imperial:D:26:10: 25 23 21 19 17 15 13 11 9 7 5 3 1)
(contrabanadista:H:83:10:)
(turno:11)
(galaxia:99)
(puerta:cerrada:5: 1 3 5 7 9 11 13 15 17 19 21 23 25 27 29:)
 _ _ _ _ _ _ _ _ _ _
|_  |_  | |_   _ _  |
|  _  |  _ _|D| |_  |
| |  S _  |    L| | |
|_|_ _ _|_  |_| | | |
|_   _     _ _| | |_|
|_ _  |_|_| |_   _  |
| | |_    | |     | |
| | |  _|_|  _|_| | |
|    _   H|_| |   | |
|_|_ _|_|_ _ _|_|_|_|
(estacion:0: 0 1 1 2 3)
(estacion:1: 5 5 6)
(estacion:11: 9 9)
(estacion:12: 11 12 13)
(estacion:16: 25)
(estacion:22: 15 15 16)
(estacion:23: 17 18 19 19)
(estacion:24: 21 21 22 23)
(estacion:26: 27)
(estacion:34: 24 25 25 26)
(estacion:35: 27 28 29 29)
(estacion:58: 29)
(imperial:D:16:11: 23 21 19 17 15 13 11 9 7 5 3 1)
(jedi:S:22:11: 14 11 8 7 4)
(familiareal:L:27:11: 27 23 20 17 13 10 7 3)
(contrabanadista:H:84:11:)
(turno:12)
(galaxia:99)
(puerta:cerrada:5: 1 3 5 7 9 11 13 15 17 19 21 23 25 27 29:)
 _ _ _ _ _ _ _ _ _ _
|_  |_  | |_ D _ _  |
|  _  |  _ _| | |_  |
| |S _ _  |     | | |
|_|_ _ _|_  |_|L| | |
|_   _     _ _| | |_|
|_ _  |_|_| |_   _  |
| | |_    | |     | |
| | |  _|_|  _|_| | |
|    _    |_| |   | |
|_|_ _|_|H _ _|_|_|_|
(estacion:0: 0 1 1 2 3)
(estacion:1: 5 5 6)
(estacion:6: 23)
(estacion:11: 9 9)
(estacion:12: 11 12 13)
(estacion:16: 25)
(estacion:22: 15 15 16)
(estacion:23: 17 18 19 19)
(estacion:24: 21 21 22 23)
(estacion:26: 27)
(estacion:34: 24 25 25 26)
(estacion:35: 27 28 29 29)
(estacion:58: 29)
(imperial:D:6:12: 21 19 17 15 13 11 9 7 5 3 1)
(jedi:S:21:12: 14 11 8 7 4)
(familiareal:L:37:12: 27 23 20 17 13 10 7 3)
(contrabanadista:H:94:12:)
(turno:13)
(galaxia:99)
(puerta:cerrada:5: 1 3 5 7 9 11 13 15 17 19 21 23 25 27 29:)
 _ _ _ _ _ _ _ _ _ _
|_  |_  | |_   D _  |
|  _  |  _ _| | |_  |
| |  _ _  |     | | |
|_|S _ _|_  |_| | | |
|_   _     _ _|L| |_|
|_ _  |_|_| |_   _  |
| | |_    | |     | |
| | |  _|_|  _|_| | |
|    _    |_| |   | |
|_|_ _|_|_ H _|_|_|_|
(estacion:0: 0 1 1 2 3)
(estacion:1: 5 5 6)
(estacion:6: 23)
(estacion:11: 9 9)
(estacion:12: 11 12 13)
(estacion:16: 25)
(estacion:22: 15 15 16)
(estacion:23: 17 18 19 19)
(estacion:24: 21 21 22 23)
(estacion:26: 27)
(estacion:34: 24 25 25 26)
(estacion:35: 27 28 29 29)
(estacion:58: 29)
(imperial:D:7:13: 21 19 17 15 13 11 9 7 5 3 1)
(jedi:S:31:13: 14 11 8 7 4)
(familiareal:L:47:13: 27 23 20 17 13 10 7 3)
(contrabanadista:H:95:13:)
(turno:14)
(galaxia:99)
(puerta:cerrada:5: 1 3 5 7 9 11 13 15 17 19 21 23 25 27 29:)
 _ _ _ _ _ _ _ _ _ _
|_  |_  | |_   _ D  |
|  _  |  _ _| | |_  |
| |  _ _  |     | | |
|_|_ S _|_  |_| | | |
|_   _     _ _| | |_|
|_ _  |_|_| |_ L _  |
| | |_    | |     | |
| | |  _|_|  _|_| | |
|    _    |_| |   | |
|_|_ _|_|_ _ H|_|_|_|
(estacion:0: 0 1 1 2 3)
(estacion:1: 5 5 6)
(estacion:6: 23)
(estacion:8: 21)
(estacion:11: 9 9)
(estacion:12: 11 12 13)
(estacion:16: 25)
(estacion:22: 15 15 16)
(estacion:23: 17 18 19 19)
(estacion:24: 21 21 22 23)
(estacion:26: 27)
(estacion:34: 24 25 25 26)
(estacion:35: 27 28 29 29)
(estacion:58: 29)
(imperial:D:8:14: 19 17 15 13 11 9 7 5 3 1)
(jedi:S:32:14: 14 11 8 7 4)
(familiareal:L:57:14: 27 23 20 17 13 10 7 3)
(contrabanadista:H:96:14:)
(turno:15)
(galaxia:99)
(puerta:cerrada:5: 1 3 5 7 9 11 13 15 17 19 21 23 25 27 29:)
 _ _ _ _ _ _ _ _ _ _
|_  |_  | |_   _ _ D|
|  _  |  _ _| | |_  |
| |  _ _  |     | | |
|_|_ _ S|_  |_| | | |
|_   _     _ _| | |_|
|_ _  |_|_| |_   L  |
| | |_    | |     | |
| | |  _|_|  _|_| | |
|    _    |_|H|   | |
|_|_ _|_|_ _ _|_|_|_|
(estacion:0: 0 1 1 2 3)
(estacion:1: 5 5 6)
(estacion:6: 23)
(estacion:8: 21)
(estacion:11: 9 9)
(estacion:12: 11 12 13)
(estacion:16: 25)
(estacion:22: 15 15 16)
(estacion:23: 17 18 19 19)
(estacion:24: 21 21 22 23)
(estacion:26: 27)
(estacion:34: 24 25 25 26)
(estacion:35: 27 28 29 29)
(imperial:D:9:15: 19 17 15 13 11 9 7 5 3 1)
(jedi:S:33:15: 14 11 8 7 4)
(familiareal:L:58:15: 29 27 23 20 17 13 10 7 3)
(contrabanadista:H:86:15:)
(turno:16)
(galaxia:99)
(puerta:cerrada:5: 1 3 5 7 9 11 13 15 17 19 21 23 25 27 29:)
 _ _ _ _ _ _ _ _ _ _
|_  |_  | |_   _ D  |
|  _  |  _ _| | |_  |
| |  _ _  |     | | |
|_|_ S _|_  |_| | | |
|_   _     _ _| | |_|
|_ _  |_|_| |_   _ L|
| | |_    | |     | |
| | |  _|_|  _|_| | |
|    _    |_| |   | |
|_|_ _|_|_ _ H|_|_|_|
(estacion:0: 0 1 1 2 3)
(estacion:1: 5 5 6)
(estacion:6: 23)
(estacion:8: 19 21)
(estacion:11: 9 9)
(estacion:12: 11 12 13)
(estacion:16: 25)
(estacion:22: 15 15 16)
(estacion:23: 17 18 19 19)
(estacion:24: 21 21 22 23)
(estacion:26: 27)
(estacion:34: 24 25 25 26)
(estacion:35: 27 28 29 29)
(imperial:D:8:16: 17 15 13 11 9 7 5 3 1)
(jedi:S:32:16: 14 11 8 7 4)
(familiareal:L:59:16: 29 27 23 20 17 13 10 7 3)
(contrabanadista:H:96:16:)
(turno:17)
(galaxia:99)
(puerta:cerrada:5: 1 3 5 7 9 11 13 15 17 19 21 23 25 27 29:)
 _ _ _ _ _ _ _ _ _ _
|_  |_  | |_   D _  |
|  _  |  _ _| | |_  |
| |  _ _  |     | | |
|_|S _ _|_  |_| | | |
|_   _     _ _| | |_|
|_ _  |_|_| |_   _  |
| | |_    | |     |L|
| | |  _|_|  _|_| | |
|    _    |_| |   | |
|_|_ _|_|_ H _|_|_|_|
(estacion:0: 0 1 1 2 3)
(estacion:1: 5 5 6)
(estacion:6: 23)
(estacion:8: 19 21)
(estacion:11: 9 9)
(estacion:12: 11 12 13)
(estacion:16: 25)
(estacion:22: 15 15 16)
(estacion:23: 17 18 19 19)
(estacion:24: 21 21 22 23)
(estacion:26: 27)
(estacion:34: 24 25 25 26)
(estacion:35: 27 28 29 29)
(imperial:D:7:17: 17 15 13 11 9 7 5 3 1)
(jedi:S:31:17: 14 11 8 7 4)
(familiareal:L:69:17: 29 27 23 20 17 13 10 7 3)
(contrabanadista:H:95:17:)
(turno:18)
(galaxia:99)
(puerta:cerrada:5: 1 3 5 7 9 11 13 15 17 19 21 23 25 27 29:)
 _ _ _ _ _ _ _ _ _ _
|_  |_  | |_ D _ _  |
|  _  |  _ _| | |_  |
| |S _ _  |     | | |
|_|_ _ _|_  |_| | | |
|_   _     _ _| | |_|
|_ _  |_|_| |_   _  |
| | |_    | |     | |
| | |  _|_|  _|_| |L|
|    _    |_| |   | |
|_|_ _|_|H _ _|_|_|_|
(estacion:0: 0 1 1 2 3)
(estacion:1: 5 5 6)
(estacion:6: 17 23)
(estacion:8: 19 21)
(estacion:11: 9 9)
(estacion:12: 11 12 13)
(estacion:16: 25)
(estacion:22: 15 15 16)
(estacion:23: 17 18 19 19)
(estacion:24: 21 21 22 23)
(estacion:26: 27)
(estacion:34: 24 25 25 26)
(estacion:35: 27 28 29 29)
(imperial:D:6:18: 15 13 11 9 7 5 3 1)
(jedi:S:21:18: 14 11 8 7 4)
(familiareal:L:79:18: 29 27 23 20 17 13 10 7 3)
(contrabanadista:H:94:18:)
(turno:19)
(galaxia:99)
(puerta:cerrada:5: 1 3 5 7 9 11 13 15 17 19 21 23 25 27 29:)
 _ _ _ _ _ _ _ _ _ _
|_  |_  | |_   _ _  |
|  _  |  _ _|D| |_  |
| |  S _  |     | | |
|_|_ _ _|_  |_| | | |
|_   _     _ _| | |_|
|_ _  |_|_| |_   _  |
| | |_    | |     | |
| | |  _|_|  _|_| | |
|    _   H|_| |   |L|
|_|_ _|_|_ _ _|_|_|_|
(estacion:0: 0 1 1 2 3)
(estacion:1: 5 5 6)
(estacion:6: 17 23)
(estacion:8: 19 21)
(estacion:11: 9 9)
(estacion:12: 11 12 13)
(estacion:16: 15 25)
(estacion:22: 15 16)
(estacion:23: 17 18 19 19)
(estacion:24: 21 21 22 23)
(estacion:26: 27)
(estacion:34: 24 25 25 26)
(estacion:35: 27 28 29 29)
(imperial:D:16:19: 13 11 9 7 5 3 1)
(jedi:S:22:19: 15 14 11 8 7 4)
(contrabanadista:H:84:19:)
(familiareal:L:89:19: 29 27 23 20 17 13 10 7 3)
(turno:20)
(galaxia:99)
(puerta:cerrada:5: 1 3 5 7 9 11 13 15 17 19 21 23 25 27 29:)
 _ _ _ _ _ _ _ _ _ _
|_  |_  | |_   _ _  |
|  _  |  _ _| | |_  |
| |  _ S  |  D  | | |
|_|_ _ _|_  |_| | | |
|_   _     _ _| | |_|
|_ _  |_|_| |_   _  |
| | |_    | |     | |
| | |  _|_|  _|_| | |
|    _ H  |_| |   | |
|_|_ _|_|_ _ _|_|_|L|
(estacion:0: 0 1 1 2 3)
(estacion:1: 5 5 6)
(estacion:6: 17 23)
(estacion:8: 19 21)
(estacion:11: 9 9)
(estacion:12: 11 12 13)
(estacion:16: 15 25)
(estacion:22: 15 16)
(estacion:23: 18 19 19)
(estacion:24: 21 21 22 23)
(estacion:26: 13 27)
(estacion:34: 24 25 25 26)
(estacion:35: 27 28 29 29)
(jedi:S:23:20: 17 15 14 11 8 7 4)
(imperial:D:26:20: 11 9 7 5 3 1)
(contrabanadista:H:83:20:)
(familiareal:L:99:20: 29 27 23 20 17 13 10 7 3)
(turno:21)
(galaxia:99)
(puerta:abierta:5: 1 3 5 7 9 11 13 15 17 19 21 23 25 27: 29)
 _ _ _ _ _ _ _ _ _ _
|_  |_  | |_   _ _  |
|  _  |  _ _| | |_  |
| |  _ _ S|D    | | |
|_|_ _ _|_  |_| | | |
|_   _     _ _| | |_|
|_ _  |_|_| |_   _  |
| | |_    | |     | |
| | |  _|_|  _|_| | |
|    H    |_| |   | |
|_|_ _|_|_ _ _|_|_|_|
(estacion:0: 0 1 1 2 3)
(estacion:1: 5 5 6)
(estacion:6: 17 23)
(estacion:8: 19 21)
(estacion:11: 9 9)
(estacion:12: 11 12 13)
(estacion:16: 15 25)
(estacion:22: 15 16)
(estacion:23: 18 19 19)
(estacion:24: 21 22 23)
(estacion:26: 13 27)
(estacion:34: 24 25 25 26)
(estacion:35: 27 28 29 29)
(jedi:S:24:21: 21 17 15 14 11 8 7 4)
(imperial:D:25:21: 11 9 7 5 3 1)
(contrabanadista:H:82:21:)
(personajesganadores)
(ganador:familiareal:L:1111:21: 27 23 20 17 13 10 7 3)
