
------------------------
|           |            |
--------    --------    
|           |            |
----        ----        
|       |       |   |    |
------------        ----
|                   |    |
    ----        ----    
|       |   |            |
------------    ----    
|                   |    |
------------------------
(ruta:S: E E S O O E S O E N E S E S O O O S E O N E E S N E S S O O O E E E E O N E E S)
(ruta:H: E E E E O N E E S)
(ruta:L: E E S S E S S E E S)
(ruta:D: N O O N E N N E N S O S S O N O N N O O E E S S E S S S O O O E E E N E E S)
(turno:0)
(galaxia:35)
(puerta:cerrada:)
------------------------
| 2         |            |
--------    --------    
|           |            |
----        ----        
|       |       |   |    |
------------        ----
|                   |    |
    ----        ----    
|       |   |            |
------------    ----    
| H                 | D  |
------------------------
(estacion:0: 0 1 1 2 3)
(estacion:1: 3 4 5 5 6)
(estacion:2: 7 7 8 9 9)
(estacion:8: 10 11 11 12 13)
(estacion:14: 13 14 15 15 16)
(estacion:15: 17 17 18 19 19)
(estacion:21: 20 21 21 22 23)
(estacion:27: 23 24 25 25 26)
(estacion:28: 27 27 28 29 29)
(jedi:S:0:2:)
(contrabandista:H:30:1:)
(familiareal:L:0:1:)
(imperial:D:35:1: 0 1 2 3 4 5 6 7 8 9 10 11 12 13 14 15 16 17 18 19 20 21 22 23 24 25 26 27 28 29)
(turno:1)
(galaxia:35)
(puerta:cerrada:)
------------------------
| S   L     |            |
--------    --------    
|           |            |
----        ----        
|       |       |   |    |
------------        ----
|                   |    |
    ----        ----    
|       |   |         D  |
------------    ----    
|     H             |    |
------------------------
(estacion:0: 0 1 1 2 3)
(estacion:1: 4 5 5 6)
(estacion:2: 7 7 8 9 9)
(estacion:8: 10 11 11 12 13)
(estacion:14: 13 14 15 15 16)
(estacion:15: 17 17 18 19 19)
(estacion:21: 20 21 21 22 23)
(estacion:27: 23 24 25 25 26)
(estacion:28: 27 27 28 29 29)
(jedi:S:0:2:)
(contrabandista:H:31:2:)
(familiareal:L:1:2: 3)
(imperial:D:29:2: 0 1 2 3 4 5 6 7 8 9 10 11 12 13 14 15 16 17 18 19 20 21 22 23 24 25 26 27 28 29)
(turno:2)
(galaxia:35)
(puerta:cerrada:)
------------------------
|     S   L |            |
--------    --------    
|           |            |
----        ----        
|       |       |   |    |
------------        ----
|                   |    |
    ----        ----    
|       |   |     D      |
------------    ----    
|         H         |    |
------------------------
(estacion:0: 0 1 1 2 3)
(estacion:1: 5 6 5)
(estacion:2: 7 9 8 9)
(estacion:8: 10 11 11 12 13)
(estacion:14: 13 14 15 15 16)
(estacion:15: 17 17 18 19 19)
(estacion:21: 20 21 21 22 23)
(estacion:27: 23 24 25 25 26)
(estacion:28: 27 27 28 29 29 29)
(jedi:S:1:3: 4)
(contrabandista:H:32:3:)
(familiareal:L:2:3: 3 7)
(imperial:D:28:3: 0 1 2 3 4 5 6 7 8 9 10 11 12 13 14 15 16 17 18 19 20 21 22 23 24 25 26 27 28)
(turno:3)
(galaxia:35)
(puerta:cerrada:)
------------------------
|         S |            |
--------    --------    
|         L |            |
----        ----        
|       |       |   |    |
------------        ----
|                   |    |
    ----        ----    
|       |   | D          |
------------    ----    
|             H     |    |
------------------------
(estacion:0: 0 1 1 2 3)
(estacion:1: 5 6 5)
(estacion:2: 8 9 9)
(estacion:8: 11 12 11 13)
(estacion:14: 13 14 15 15 16)
(estacion:15: 17 17 18 19 19)
(estacion:21: 20 21 21 22 23)
(estacion:27: 23 24 25 25 26)
(estacion:28: 27 27 28 29 29 29)
(jedi:S:2:4: 4 7)
(contrabandista:H:33:4:)
(familiareal:L:8:4: 3 7 10)
(imperial:D:27:4: 0 1 2 3 4 5 6 7 8 9 10 11 12 13 14 15 16 17 18 19 20 21 22 23 24 25 26 27 28)
(turno:4)
(galaxia:35)
(puerta:cerrada:)
------------------------
|           |            |
--------    --------    
|         S |            |
----        ----        
|       | L     |   |    |
------------        ----
|             D     |    |
    ----        ----    
|       |   |            |
------------    ----    
|                 H |    |
------------------------
(estacion:0: 0 1 1 2 3)
(estacion:1: 5 6 5)
(estacion:2: 8 9 9)
(estacion:8: 11 12 13)
(estacion:14: 14 15 15 16)
(estacion:15: 17 17 18 19 19)
(estacion:21: 20 21 21 22 23)
(estacion:27: 23 24 25 25 26)
(estacion:28: 27 27 28 29 29 29)
(jedi:S:8:5: 4 7 11)
(contrabandista:H:34:5:)
(familiareal:L:14:5: 3 7 10 13)
(imperial:D:21:5: 0 1 2 3 4 5 6 7 8 9 10 11 12 13 14 15 16 17 18 19 20 21 22 23 24 25 26 27 28)
(turno:5)
(galaxia:35)
(puerta:cerrada:)
------------------------
|           |            |
--------    --------    
|     S     |            |
----        ----        
|       |     L |   |    |
------------        ----
|                 D |    |
    ----        ----    
|       |   |            |
------------    ----    
|             H     |    |
------------------------
(estacion:0: 0 1 1 2 3)
(estacion:1: 5 6 5)
(estacion:2: 8 9 9)
(estacion:8: 11 12 13)
(estacion:14: 14 15 15 16)
(estacion:15: 17 19 18 19)
(estacion:21: 20 21 21 22 23)
(estacion:22: 28)
(estacion:27: 23 24 25 25 26)
(estacion:28: 27 27 28 29 29 29)
(jedi:S:7:6: 4 7 11)
(contrabandista:H:33:6:)
(familiareal:L:15:6: 3 7 10 13 17)
(imperial:D:22:6: 0 1 2 3 4 5 6 7 8 9 10 11 12 13 14 15 16 17 18 19 20 21 22 23 24 25 26 27)
(turno:6)
(galaxia:35)
(puerta:cerrada:)
------------------------
|           |            |
--------    --------    
| S         |            |
----        ----        
|       |       | D |    |
------------        ----
|             L     |    |
    ----        ----    
|       |   | H          |
------------    ----    
|                   |    |
------------------------
(estacion:0: 0 1 1 2 3)
(estacion:1: 5 6 5)
(estacion:2: 8 9 9)
(estacion:8: 11 12 13)
(estacion:14: 14 15 15 16)
(estacion:15: 17 19 18 19)
(estacion:16: 27)
(estacion:21: 21 22 21 23)
(estacion:22: 28)
(estacion:27: 24 25 25 26)
(estacion:28: 27 27 28 29 29 29)
(jedi:S:6:7: 4 7 11)
(contrabandista:H:27:7: 23)
(familiareal:L:21:7: 3 7 10 13 17 20)
(imperial:D:16:7: 0 1 2 3 4 5 6 7 8 9 10 11 12 13 14 15 16 17 18 19 20 21 22 23 24 25 26)
(turno:7)
(galaxia:35)
(puerta:cerrada:)
------------------------
|           |            |
--------    --------    
|     S     |     D      |
----        ----        
|       |       |   |    |
------------        ----
|                   |    |
    ----        ----    
|       |   | L   H      |
------------    ----    
|                   |    |
------------------------
(estacion:0: 0 1 1 2 3)
(estacion:1: 5 6 5)
(estacion:2: 8 9 9)
(estacion:8: 11 12 13)
(estacion:10: 26)
(estacion:14: 14 15 15 16)
(estacion:15: 17 19 18 19)
(estacion:16: 27)
(estacion:21: 21 22 21 23)
(estacion:22: 28)
(estacion:27: 25 26 25)
(estacion:28: 27 29 28 29 29)
(jedi:S:7:8: 4 7 11)
(contrabandista:H:28:8: 23 27)
(familiareal:L:27:8: 3 7 10 13 17 20 24)
(imperial:D:10:8: 0 1 2 3 4 5 6 7 8 9 10 11 12 13 14 15 16 17 18 19 20 21 22 23 24 25)
(turno:8)
(galaxia:35)
(puerta:cerrada:)
------------------------
|           |            |
--------    --------    
|           |         D  |
----        ----        
|     S |       |   |    |
------------        ----
|                   |    |
    ----        ----    
|       |   |     L   H  |
------------    ----    
|                   |    |
------------------------
(estacion:0: 0 1 1 2 3)
(estacion:1: 5 6 5)
(estacion:2: 8 9 9)
(estacion:8: 11 12 13)
(estacion:10: 26)
(estacion:14: 14 15 15 16)
(estacion:15: 17 19 18 19)
(estacion:16: 27)
(estacion:21: 21 22 21 23)
(estacion:22: 28)
(estacion:27: 25 26 25)
(estacion:28: 28 29 29 29)
(jedi:S:13:9: 4 7 11)
(contrabandista:H:29:9: 23 27)
(familiareal:L:28:9: 3 7 10 13 17 20 24 27)
(imperial:D:11:9: 0 1 2 3 4 5 6 7 8 9 10 11 12 13 14 15 16 17 18 19 20 21 22 23 24 25)
(turno:9)
(galaxia:35)
(puerta:cerrada:)
------------------------
|           |         D  |
--------    --------    
|           |            |
----        ----        
| S     |       |   |    |
------------        ----
|                   |    |
    ----        ----    
|       |   |         L  |
------------    ----    
|                   | H  |
------------------------
(estacion:0: 0 1 1 2 3)
(estacion:1: 5 6 5)
(estacion:2: 8 9 9)
(estacion:8: 11 12 13)
(estacion:10: 26)
(estacion:14: 14 15 15 16)
(estacion:15: 17 19 18 19)
(estacion:16: 27)
(estacion:21: 21 22 21 23)
(estacion:22: 28)
(estacion:27: 25 26 25)
(estacion:28: 28 29 29 29)
(jedi:S:12:10: 4 7 11)
(contrabandista:H:35:10: 23 27)
(familiareal:L:29:10: 3 7 10 13 17 20 24 27)
(imperial:D:5:10: 0 1 2 3 4 5 6 7 8 9 10 11 12 13 14 15 16 17 18 19 20 21 22 23 24 25)
(turno:10)
(galaxia:35)
(puerta:abierta:)
------------------------
|           |            |
--------    --------    
|           |         D  |
----        ----        
|     S |       |   |    |
------------        ----
|                   |    |
    ----        ----    
|       |   |            |
------------    ----    
|                   |    |
------------------------
(estacion:0: 0 1 1 2 3)
(estacion:1: 5 6 5)
(estacion:2: 8 9 9)
(estacion:8: 11 12 13)
(estacion:10: 26)
(estacion:14: 14 15 15 16)
(estacion:15: 17 19 18 19)
(estacion:16: 27)
(estacion:21: 21 22 21 23)
(estacion:22: 28)
(estacion:27: 25 26 25)
(estacion:28: 28 29 29 29)
(jedi:S:13:11: 4 7 11)
(contrabandista:H:1111:11: 23)
(familiareal:L:1111:11: 3 7 10 13 17 20 24 27)
(imperial:D:11:11: 0 1 2 3 4 5 6 7 8 9 10 11 12 13 14 15 16 17 18 19 20 21 22 23 24 25)