
------------------------------------------
|       |       |   |                    |
----    ----        ----    --------    
|           |           |   |   |        |
    ----        --------        ----    
|   |               |           |   |    |
        --------                        
|   |           |       |   |   |   |    |
--------------------    ----            
|                           |   |   |    |
----    ----        --------        ----
|           |   |   |   |                |
--------    --------    ----    ----    
|   |   |           |   |           |    |
        ----                            
|   |   |       |   |       |   |   |    |
            --------    --------        
|                   |   |   |       |    |
        ----        ----                
|   |       |   |           |   |   |    |
----------------------------------------
(ruta:S: E S O S S N N E E S O S E E O O N E E E S E S O O O O O E S O E E S E S O S O N N S S O N N S S S N E S E O N E E S N E S E E N S O O N O O N E N E S N O O N O N E E S N E S N E E O N N E S N E S S S O E S O S O N N S S S N E N E S N E S S O S N E S N N N O N E E S S S S)
(ruta:H: N E S E O N E E S N E S E E N S O O N O O N E N E S N O O N O N E E S N E S N E E O N N E S N E S S S O E S O S O N N S S S N E N E S N E S S O S N E S N N N O N E E S S S S)
(ruta:L: E S E S E E S E N E E S S S E E S S S S)
(ruta:D: N N N N O O N N N O N N E E E O O O S S O S O N O O N O N O E S E S E E S E S O O O O S E S E S O S O O S N E E N E N O N O N E E E E N N E E S S S E E S S S S)
(turno:0)
(galaxia:99)
(puerta:cerrada: 1 3 5 7 9 11 13 15 17 19 21 23 25 27 29: )
------------------------------------------
| 2     |       |   |                    |
----    ----        ----    --------    
|           |           |   |   |        |
    ----        --------        ----    
|   |               |           |   |    |
        --------                        
|   |           |       |   |   |   |    |
--------------------    ----            
|                           |   |   |    |
----    ----        --------        ----
|           |   |   |   |                |
--------    --------    ----    ----    
|   |   |           |   |           |    |
        ----                            
|   |   |       |   |       |   |   |    |
            --------    --------        
|                   |   |   |       |    |
        ----        ----                
| H |       |   |           |   |   | D  |
----------------------------------------
(estacion:0: 0 1 1 2 3)
(estacion:1: 3 4 5 5 6)
(estacion:11: 7 7 8 9 9)
(estacion:12: 10 11 11 12 13)
(estacion:22: 13 14 15 15 16)
(estacion:23: 17 17 18 19 19)
(estacion:24: 20 21 21 22 23)
(estacion:34: 23 24 25 25 26)
(estacion:35: 27 27 28 29 29)
(jedi:S:0:2:)
(contrabandista:H:90:1:)
(familiareal:L:0:1:)
(imperial:D:99:1: 29 27 25 23 21 19 17 15 13 11 9 7 5 3 1)
(turno:1)
(galaxia:99)
(puerta:cerrada: 1 3 5 7 9 11 13 15 17 19 21 23 25 27 29: )
------------------------------------------
| S   L |       |   |                    |
----    ----        ----    --------    
|           |           |   |   |        |
    ----        --------        ----    
|   |               |           |   |    |
        --------                        
|   |           |       |   |   |   |    |
--------------------    ----            
|                           |   |   |    |
----    ----        --------        ----
|           |   |   |   |                |
--------    --------    ----    ----    
|   |   |           |   |           |    |
        ----                            
|   |   |       |   |       |   |   |    |
            --------    --------        
| H                 |   |   |       | D  |
        ----        ----                
|   |       |   |           |   |   |    |
----------------------------------------
(estacion:0: 0 1 1 2 3)
(estacion:1: 4 5 5 6)
(estacion:11: 7 7 8 9 9)
(estacion:12: 10 11 11 12 13)
(estacion:22: 13 14 15 15 16)
(estacion:23: 17 17 18 19 19)
(estacion:24: 20 21 21 22 23)
(estacion:34: 23 24 25 25 26)
(estacion:35: 27 27 28 29 29)
(jedi:S:0:2:)
(contrabandista:H:80:2:)
(familiareal:L:1:2: 3)
(imperial:D:89:2: 29 27 25 23 21 19 17 15 13 11 9 7 5 3 1)
(turno:2)
(galaxia:99)
(puerta:cerrada: 1 3 5 7 9 11 13 15 17 19 21 23 25 27 29: )
------------------------------------------
|     S |       |   |                    |
----    ----        ----    --------    
|     L     |           |   |   |        |
    ----        --------        ----    
|   |               |           |   |    |
        --------                        
|   |           |       |   |   |   |    |
--------------------    ----            
|                           |   |   |    |
----    ----        --------        ----
|           |   |   |   |                |
--------    --------    ----    ----    
|   |   |           |   |           |    |
        ----                            
|   |   |       |   |       |   |   | D  |
            --------    --------        
|     H             |   |   |       |    |
        ----        ----                
|   |       |   |           |   |   |    |
----------------------------------------
(estacion:0: 0 1 1 2 3)
(estacion:1: 5 5 6)
(estacion:11: 7 8 9 9)
(estacion:12: 10 11 11 12 13)
(estacion:22: 13 14 15 15 16)
(estacion:23: 17 17 18 19 19)
(estacion:24: 20 21 21 22 23)
(estacion:34: 23 24 25 25 26)
(estacion:35: 27 27 28 29 29)
(jedi:S:1:3: 4)
(contrabandista:H:81:3:)
(familiareal:L:11:3: 3 7)
(imperial:D:79:3: 29 27 25 23 21 19 17 15 13 11 9 7 5 3 1)
(turno:3)
(galaxia:99)
(puerta:cerrada: 1 3 5 7 9 11 13 15 17 19 21 23 25 27 29: )
------------------------------------------
|       |       |   |                    |
----    ----        ----    --------    
|     S   L |           |   |   |        |
    ----        --------        ----    
|   |               |           |   |    |
        --------                        
|   |           |       |   |   |   |    |
--------------------    ----            
|                           |   |   |    |
----    ----        --------        ----
|           |   |   |   |                |
--------    --------    ----    ----    
|   |   |           |   |           | D  |
        ----                            
|   |   |       |   |       |   |   |    |
            --------    --------        
|                   |   |   |       |    |
        ----        ----                
|   | H     |   |           |   |   |    |
----------------------------------------
(estacion:0: 0 1 1 2 3)
(estacion:1: 5 5 6)
(estacion:11: 8 9 9)
(estacion:12: 11 11 12 13)
(estacion:22: 13 14 15 15 16)
(estacion:23: 17 17 18 19 19)
(estacion:24: 20 21 21 22 23)
(estacion:34: 23 24 25 25 26)
(estacion:35: 27 27 28 29 29)
(jedi:S:11:4: 4 7)
(contrabandista:H:91:4:)
(familiareal:L:12:4: 3 7 10)
(imperial:D:69:4: 29 27 25 23 21 19 17 15 13 11 9 7 5 3 1)
(turno:4)
(galaxia:99)
(puerta:cerrada: 1 3 5 7 9 11 13 15 17 19 21 23 25 27 29: )
------------------------------------------
|       |       |   |                    |
----    ----        ----    --------    
| S         |           |   |   |        |
    ----        --------        ----    
|   |     L         |           |   |    |
        --------                        
|   |           |       |   |   |   |    |
--------------------    ----            
|                           |   |   |    |
----    ----        --------        ----
|           |   |   |   |             D  |
--------    --------    ----    ----    
|   |   |           |   |           |    |
        ----                            
|   |   |       |   |       |   |   |    |
            --------    --------        
|                   |   |   |       |    |
        ----        ----                
|   |     H |   |           |   |   |    |
----------------------------------------
(estacion:0: 0 1 1 2 3)
(estacion:1: 5 5 6)
(estacion:11: 8 9 9)
(estacion:12: 11 11 12 13)
(estacion:22: 14 15 15 16)
(estacion:23: 17 17 18 19 19)
(estacion:24: 20 21 21 22 23)
(estacion:34: 23 24 25 25 26)
(estacion:35: 27 27 28 29 29)
(jedi:S:10:5: 4 7)
(contrabandista:H:92:5:)
(familiareal:L:22:5: 3 7 10 13)
(imperial:D:59:5: 29 27 25 23 21 19 17 15 13 11 9 7 5 3 1)
(turno:5)
(galaxia:99)
(puerta:cerrada: 1 3 5 7 9 11 13 15 17 19 21 23 25 27 29: )
------------------------------------------
|       |       |   |                    |
----    ----        ----    --------    
|           |           |   |   |        |
    ----        --------        ----    
| S |         L     |           |   |    |
        --------                        
|   |           |       |   |   |   |    |
--------------------    ----            
|                           |   |   |    |
----    ----        --------        ----
|           |   |   |   |         D      |
--------    --------    ----    ----    
|   |   |           |   |           |    |
        ----                            
|   |   |       |   |       |   |   |    |
            --------    --------        
|                   |   |   |       |    |
        ----        ----                
|   | H     |   |           |   |   |    |
----------------------------------------
(estacion:0: 0 1 1 2 3)
(estacion:1: 5 5 6)
(estacion:11: 8 9 9)
(estacion:12: 11 11 12 13)
(estacion:22: 14 15 15 16)
(estacion:23: 17 18 19 19)
(estacion:24: 20 21 21 22 23)
(estacion:34: 23 24 25 25 26)
(estacion:35: 27 27 28 29 29)
(estacion:58: 29)
(jedi:S:20:6: 4 7)
(contrabandista:H:91:6:)
(familiareal:L:23:6: 3 7 10 13 17)
(imperial:D:58:6: 27 25 23 21 19 17 15 13 11 9 7 5 3 1)
(turno:6)
(galaxia:99)
(puerta:cerrada: 1 3 5 7 9 11 13 15 17 19 21 23 25 27 29: )
------------------------------------------
|       |       |   |                    |
----    ----        ----    --------    
|           |           |   |   |        |
    ----        --------        ----    
|   |             L |           |   |    |
        --------                        
| S |           |       |   |   |   |    |
--------------------    ----            
|                           |   |   |    |
----    ----        --------        ----
|           |   |   |   |     D          |
--------    --------    ----    ----    
|   |   |           |   |           |    |
        ----                            
|   |   |       |   |       |   |   |    |
            --------    --------        
|     H             |   |   |       |    |
        ----        ----                
|   |       |   |           |   |   |    |
----------------------------------------
(estacion:0: 0 1 1 2 3)
(estacion:1: 5 5 6)
(estacion:11: 8 9 9)
(estacion:12: 11 11 12 13)
(estacion:22: 14 15 15 16)
(estacion:23: 17 18 19 19)
(estacion:24: 21 21 22 23)
(estacion:34: 23 24 25 25 26)
(estacion:35: 27 27 28 29 29)
(estacion:58: 29)
(jedi:S:30:7: 4 7)
(contrabandista:H:81:7:)
(familiareal:L:24:7: 3 7 10 13 17 20)
(imperial:D:57:7: 27 25 23 21 19 17 15 13 11 9 7 5 3 1)
(turno:7)
(galaxia:99)
(puerta:cerrada: 1 3 5 7 9 11 13 15 17 19 21 23 25 27 29: )
------------------------------------------
|       |       |   |                    |
----    ----        ----    --------    
|           |           |   |   |        |
    ----        --------        ----    
| S |               |           |   |    |
        --------                        
|   |           | L     |   |   |   |    |
--------------------    ----            
|                           | D |   |    |
----    ----        --------        ----
|           |   |   |   |                |
--------    --------    ----    ----    
|   |   |           |   |           |    |
        ----                            
|   |   |       |   |       |   |   |    |
            --------    --------        
|         H         |   |   |       |    |
        ----        ----                
|   |       |   |           |   |   |    |
----------------------------------------
(estacion:0: 0 1 1 2 3)
(estacion:1: 5 5 6)
(estacion:11: 8 9 9)
(estacion:12: 11 11 12 13)
(estacion:22: 14 15 15 16)
(estacion:23: 17 18 19 19)
(estacion:24: 21 21 22 23)
(estacion:34: 24 25 25 26)
(estacion:35: 27 27 28 29 29)
(estacion:58: 29)
(jedi:S:20:8: 4 7)
(contrabandista:H:82:8:)
(familiareal:L:34:8: 3 7 10 13 17 20 23)
(imperial:D:47:8: 27 25 23 21 19 17 15 13 11 9 7 5 3 1)
(turno:8)
(galaxia:99)
(puerta:cerrada: 1 3 5 7 9 11 13 15 17 19 21 23 25 27 29: )
------------------------------------------
|       |       |   |                    |
----    ----        ----    --------    
| S         |           |   |   |        |
    ----        --------        ----    
|   |               |           |   |    |
        --------                        
|   |           |     L |   | D |   |    |
--------------------    ----            
|                           |   |   |    |
----    ----        --------        ----
|           |   |   |   |                |
--------    --------    ----    ----    
|   |   |           |   |           |    |
        ----                            
|   |   |       |   |       |   |   |    |
            --------    --------        
|             H     |   |   |       |    |
        ----        ----                
|   |       |   |           |   |   |    |
----------------------------------------
(estacion:0: 0 1 1 2 3)
(estacion:1: 5 5 6)
(estacion:11: 8 9 9)
(estacion:12: 11 11 12 13)
(estacion:22: 14 15 15 16)
(estacion:23: 17 18 19 19)
(estacion:24: 21 21 22 23)
(estacion:34: 24 25 25 26)
(estacion:35: 27 28 29 29)
(estacion:58: 29)
(jedi:S:10:9: 4 7)
(contrabandista:H:83:9:)
(familiareal:L:35:9: 3 7 10 13 17 20 23 27)
(imperial:D:37:9: 27 25 23 21 19 17 15 13 11 9 7 5 3 1)
(turno:9)
(galaxia:99)
(puerta:cerrada: 1 3 5 7 9 11 13 15 17 19 21 23 25 27 29: )
------------------------------------------
|       |       |   |                    |
----    ----        ----    --------    
|     S     |           |   |   |        |
    ----        --------        ----    
|   |               | L       D |   |    |
        --------                        
|   |           |       |   |   |   |    |
--------------------    ----            
|                           |   |   |    |
----    ----        --------        ----
|           |   |   |   |                |
--------    --------    ----    ----    
|   |   |           |   |           |    |
        ----                            
|   |   |       |   |       |   |   |    |
            --------    --------        
|                   |   |   |       |    |
        ----        ----                
|   |       | H |           |   |   |    |
----------------------------------------
(estacion:0: 0 1 1 2 3)
(estacion:1: 5 5 6)
(estacion:11: 9 9)
(estacion:12: 11 11 12 13)
(estacion:22: 14 15 15 16)
(estacion:23: 17 18 19 19)
(estacion:24: 21 21 22 23)
(estacion:34: 24 25 25 26)
(estacion:35: 27 28 29 29)
(estacion:58: 29)
(jedi:S:11:10: 4 7 8)
(contrabandista:H:93:10:)
(familiareal:L:25:10: 3 7 10 13 17 20 23 27)
(imperial:D:27:10: 27 25 23 21 19 17 15 13 11 9 7 5 3 1)
(turno:10)
(galaxia:99)
(puerta:cerrada: 1 3 5 7 9 11 13 15 17 19 21 23 25 27 29: )
------------------------------------------
|       |       |   |                    |
----    ----        ----    --------    
|         S |           |   |   |        |
    ----        --------        ----    
|   |               |     2     |   |    |
        --------                        
|   |           |       |   |   |   |    |
--------------------    ----            
|                           |   |   |    |
----    ----        --------        ----
|           |   |   |   |                |
--------    --------    ----    ----    
|   |   |           |   |           |    |
        ----                            
|   |   |       |   |       |   |   |    |
            --------    --------        
|             H     |   |   |       |    |
        ----        ----                
|   |       |   |           |   |   |    |
----------------------------------------
(estacion:0: 0 1 1 2 3)
(estacion:1: 5 5 6)
(estacion:11: 9 9)
(estacion:12: 11 12 13)
(estacion:22: 14 15 15 16)
(estacion:23: 17 18 19 19)
(estacion:24: 21 21 22 23)
(estacion:26: 27)
(estacion:34: 24 25 25 26)
(estacion:35: 27 28 29 29)
(estacion:58: 29)
(jedi:S:12:11: 4 7 8 11)
(contrabandista:H:83:11:)
(familiareal:L:26:11: 3 7 10 13 17 20 23 27)
(imperial:D:26:11: 25 23 21 19 17 15 13 11 9 7 5 3 1)
(turno:11)
(galaxia:99)
(puerta:cerrada: 1 3 5 7 9 11 13 15 17 19 21 23 25 27 29: )
------------------------------------------
|       |       |   |                    |
----    ----        ----    --------    
|           |           | D |   |        |
    ----        --------        ----    
|   |     S         |         L |   |    |
        --------                        
|   |           |       |   |   |   |    |
--------------------    ----            
|                           |   |   |    |
----    ----        --------        ----
|           |   |   |   |                |
--------    --------    ----    ----    
|   |   |           |   |           |    |
        ----                            
|   |   |       |   |       |   |   |    |
            --------    --------        
|                 H |   |   |       |    |
        ----        ----                
|   |       |   |           |   |   |    |
----------------------------------------
(estacion:0: 0 1 1 2 3)
(estacion:1: 5 5 6)
(estacion:11: 9 9)
(estacion:12: 11 12 13)
(estacion:16: 25)
(estacion:22: 15 15 16)
(estacion:23: 17 18 19 19)
(estacion:24: 21 21 22 23)
(estacion:26: 27)
(estacion:34: 24 25 25 26)
(estacion:35: 27 28 29 29)
(estacion:58: 29)
(jedi:S:22:12: 4 7 8 11 14)
(contrabandista:H:84:12:)
(familiareal:L:27:12: 3 7 10 13 17 20 23 27)
(imperial:D:16:12: 23 21 19 17 15 13 11 9 7 5 3 1)
(turno:12)
(galaxia:99)
(puerta:cerrada: 1 3 5 7 9 11 13 15 17 19 21 23 25 27 29: )
------------------------------------------
|       |       |   |     D              |
----    ----        ----    --------    
|           |           |   |   |        |
    ----        --------        ----    
|   | S             |           |   |    |
        --------                        
|   |           |       |   | L |   |    |
--------------------    ----            
|                           |   |   |    |
----    ----        --------        ----
|           |   |   |   |                |
--------    --------    ----    ----    
|   |   |           |   |           |    |
        ----                            
|   |   |       |   |       |   |   |    |
            --------    --------        
|                   |   |   |       |    |
        ----        ----                
|   |       |   | H         |   |   |    |
----------------------------------------
(estacion:0: 0 1 1 2 3)
(estacion:1: 5 5 6)
(estacion:6: 23)
(estacion:11: 9 9)
(estacion:12: 11 12 13)
(estacion:16: 25)
(estacion:22: 15 15 16)
(estacion:23: 17 18 19 19)
(estacion:24: 21 21 22 23)
(estacion:26: 27)
(estacion:34: 24 25 25 26)
(estacion:35: 27 28 29 29)
(estacion:58: 29)
(jedi:S:21:13: 4 7 8 11 14)
(contrabandista:H:94:13:)
(familiareal:L:37:13: 3 7 10 13 17 20 23 27)
(imperial:D:6:13: 21 19 17 15 13 11 9 7 5 3 1)
(turno:13)
(galaxia:99)
(puerta:cerrada: 1 3 5 7 9 11 13 15 17 19 21 23 25 27 29: )
------------------------------------------
|       |       |   |         D          |
----    ----        ----    --------    
|           |           |   |   |        |
    ----        --------        ----    
|   |               |           |   |    |
        --------                        
|   | S         |       |   |   |   |    |
--------------------    ----            
|                           | L |   |    |
----    ----        --------        ----
|           |   |   |   |                |
--------    --------    ----    ----    
|   |   |           |   |           |    |
        ----                            
|   |   |       |   |       |   |   |    |
            --------    --------        
|                   |   |   |       |    |
        ----        ----                
|   |       |   |     H     |   |   |    |
----------------------------------------
(estacion:0: 0 1 1 2 3)
(estacion:1: 5 5 6)
(estacion:6: 23)
(estacion:11: 9 9)
(estacion:12: 11 12 13)
(estacion:16: 25)
(estacion:22: 15 15 16)
(estacion:23: 17 18 19 19)
(estacion:24: 21 21 22 23)
(estacion:26: 27)
(estacion:34: 24 25 25 26)
(estacion:35: 27 28 29 29)
(estacion:58: 29)
(jedi:S:31:14: 4 7 8 11 14)
(contrabandista:H:95:14:)
(familiareal:L:47:14: 3 7 10 13 17 20 23 27)
(imperial:D:7:14: 21 19 17 15 13 11 9 7 5 3 1)
(turno:14)
(galaxia:99)
(puerta:cerrada: 1 3 5 7 9 11 13 15 17 19 21 23 25 27 29: )
------------------------------------------
|       |       |   |             D      |
----    ----        ----    --------    
|           |           |   |   |        |
    ----        --------        ----    
|   |               |           |   |    |
        --------                        
|   |     S     |       |   |   |   |    |
--------------------    ----            
|                           |   |   |    |
----    ----        --------        ----
|           |   |   |   |     L          |
--------    --------    ----    ----    
|   |   |           |   |           |    |
        ----                            
|   |   |       |   |       |   |   |    |
            --------    --------        
|                   |   |   |       |    |
        ----        ----                
|   |       |   |         H |   |   |    |
----------------------------------------
(estacion:0: 0 1 1 2 3)
(estacion:1: 5 5 6)
(estacion:6: 23)
(estacion:8: 21)
(estacion:11: 9 9)
(estacion:12: 11 12 13)
(estacion:16: 25)
(estacion:22: 15 15 16)
(estacion:23: 17 18 19 19)
(estacion:24: 21 21 22 23)
(estacion:26: 27)
(estacion:34: 24 25 25 26)
(estacion:35: 27 28 29 29)
(estacion:58: 29)
(jedi:S:32:15: 4 7 8 11 14)
(contrabandista:H:96:15:)
(familiareal:L:57:15: 3 7 10 13 17 20 23 27)
(imperial:D:8:15: 19 17 15 13 11 9 7 5 3 1)
(turno:15)
(galaxia:99)
(puerta:cerrada: 1 3 5 7 9 11 13 15 17 19 21 23 25 27 29: )
------------------------------------------
|       |       |   |                 D  |
----    ----        ----    --------    
|           |           |   |   |        |
    ----        --------        ----    
|   |               |           |   |    |
        --------                        
|   |         S |       |   |   |   |    |
--------------------    ----            
|                           |   |   |    |
----    ----        --------        ----
|           |   |   |   |         L      |
--------    --------    ----    ----    
|   |   |           |   |           |    |
        ----                            
|   |   |       |   |       |   |   |    |
            --------    --------        
|                   |   | H |       |    |
        ----        ----                
|   |       |   |           |   |   |    |
----------------------------------------
(estacion:0: 0 1 1 2 3)
(estacion:1: 5 5 6)
(estacion:6: 23)
(estacion:8: 21)
(estacion:11: 9 9)
(estacion:12: 11 12 13)
(estacion:16: 25)
(estacion:22: 15 15 16)
(estacion:23: 17 18 19 19)
(estacion:24: 21 21 22 23)
(estacion:26: 27)
(estacion:34: 24 25 25 26)
(estacion:35: 27 28 29 29)
(jedi:S:33:16: 4 7 8 11 14)
(contrabandista:H:86:16:)
(familiareal:L:58:16: 3 7 10 13 17 20 23 27 29)
(imperial:D:9:16: 19 17 15 13 11 9 7 5 3 1)
(turno:16)
(galaxia:99)
(puerta:cerrada: 1 3 5 7 9 11 13 15 17 19 21 23 25 27 29: )
------------------------------------------
|       |       |   |             D      |
----    ----        ----    --------    
|           |           |   |   |        |
    ----        --------        ----    
|   |               |           |   |    |
        --------                        
|   |     S     |       |   |   |   |    |
--------------------    ----            
|                           |   |   |    |
----    ----        --------        ----
|           |   |   |   |             L  |
--------    --------    ----    ----    
|   |   |           |   |           |    |
        ----                            
|   |   |       |   |       |   |   |    |
            --------    --------        
|                   |   |   |       |    |
        ----        ----                
|   |       |   |         H |   |   |    |
----------------------------------------
(estacion:0: 0 1 1 2 3)
(estacion:1: 5 5 6)
(estacion:6: 23)
(estacion:8: 19 21)
(estacion:11: 9 9)
(estacion:12: 11 12 13)
(estacion:16: 25)
(estacion:22: 15 15 16)
(estacion:23: 17 18 19 19)
(estacion:24: 21 21 22 23)
(estacion:26: 27)
(estacion:34: 24 25 25 26)
(estacion:35: 27 28 29 29)
(jedi:S:32:17: 4 7 8 11 14)
(contrabandista:H:96:17:)
(familiareal:L:59:17: 3 7 10 13 17 20 23 27 29)
(imperial:D:8:17: 17 15 13 11 9 7 5 3 1)
(turno:17)
(galaxia:99)
(puerta:cerrada: 1 3 5 7 9 11 13 15 17 19 21 23 25 27 29: )
------------------------------------------
|       |       |   |         D          |
----    ----        ----    --------    
|           |           |   |   |        |
    ----        --------        ----    
|   |               |           |   |    |
        --------                        
|   | S         |       |   |   |   |    |
--------------------    ----            
|                           |   |   |    |
----    ----        --------        ----
|           |   |   |   |                |
--------    --------    ----    ----    
|   |   |           |   |           | L  |
        ----                            
|   |   |       |   |       |   |   |    |
            --------    --------        
|                   |   |   |       |    |
        ----        ----                
|   |       |   |     H     |   |   |    |
----------------------------------------
(estacion:0: 0 1 1 2 3)
(estacion:1: 5 5 6)
(estacion:6: 23)
(estacion:8: 19 21)
(estacion:11: 9 9)
(estacion:12: 11 12 13)
(estacion:16: 25)
(estacion:22: 15 15 16)
(estacion:23: 17 18 19 19)
(estacion:24: 21 21 22 23)
(estacion:26: 27)
(estacion:34: 24 25 25 26)
(estacion:35: 27 28 29 29)
(jedi:S:31:18: 4 7 8 11 14)
(contrabandista:H:95:18:)
(familiareal:L:69:18: 3 7 10 13 17 20 23 27 29)
(imperial:D:7:18: 17 15 13 11 9 7 5 3 1)
(turno:18)
(galaxia:99)
(puerta:cerrada: 1 3 5 7 9 11 13 15 17 19 21 23 25 27 29: )
------------------------------------------
|       |       |   |     D              |
----    ----        ----    --------    
|           |           |   |   |        |
    ----        --------        ----    
|   | S             |           |   |    |
        --------                        
|   |           |       |   |   |   |    |
--------------------    ----            
|                           |   |   |    |
----    ----        --------        ----
|           |   |   |   |                |
--------    --------    ----    ----    
|   |   |           |   |           |    |
        ----                            
|   |   |       |   |       |   |   | L  |
            --------    --------        
|                   |   |   |       |    |
        ----        ----                
|   |       |   | H         |   |   |    |
----------------------------------------
(estacion:0: 0 1 1 2 3)
(estacion:1: 5 5 6)
(estacion:6: 17 23)
(estacion:8: 19 21)
(estacion:11: 9 9)
(estacion:12: 11 12 13)
(estacion:16: 25)
(estacion:22: 15 15 16)
(estacion:23: 17 18 19 19)
(estacion:24: 21 21 22 23)
(estacion:26: 27)
(estacion:34: 24 25 25 26)
(estacion:35: 27 28 29 29)
(jedi:S:21:19: 4 7 8 11 14)
(contrabandista:H:94:19:)
(familiareal:L:79:19: 3 7 10 13 17 20 23 27 29)
(imperial:D:6:19: 15 13 11 9 7 5 3 1)
(turno:19)
(galaxia:99)
(puerta:cerrada: 1 3 5 7 9 11 13 15 17 19 21 23 25 27 29: )
------------------------------------------
|       |       |   |                    |
----    ----        ----    --------    
|           |           | D |   |        |
    ----        --------        ----    
|   |     S         |           |   |    |
        --------                        
|   |           |       |   |   |   |    |
--------------------    ----            
|                           |   |   |    |
----    ----        --------        ----
|           |   |   |   |                |
--------    --------    ----    ----    
|   |   |           |   |           |    |
        ----                            
|   |   |       |   |       |   |   |    |
            --------    --------        
|                 H |   |   |       | L  |
        ----        ----                
|   |       |   |           |   |   |    |
----------------------------------------
(estacion:0: 0 1 1 2 3)
(estacion:1: 5 5 6)
(estacion:6: 17 23)
(estacion:8: 19 21)
(estacion:11: 9 9)
(estacion:12: 11 12 13)
(estacion:16: 15 25)
(estacion:22: 15 16)
(estacion:23: 17 18 19 19)
(estacion:24: 21 21 22 23)
(estacion:26: 27)
(estacion:34: 24 25 25 26)
(estacion:35: 27 28 29 29)
(jedi:S:22:20: 4 7 8 11 14 15)
(contrabandista:H:84:20:)
(familiareal:L:89:20: 3 7 10 13 17 20 23 27 29)
(imperial:D:16:20: 13 11 9 7 5 3 1)
(turno:20)
(galaxia:99)
(puerta:cerrada: 1 3 5 7 9 11 13 15 17 19 21 23 25 27 29: )
------------------------------------------
|       |       |   |                    |
----    ----        ----    --------    
|           |           |   |   |        |
    ----        --------        ----    
|   |         S     |     D     |   |    |
        --------                        
|   |           |       |   |   |   |    |
--------------------    ----            
|                           |   |   |    |
----    ----        --------        ----
|           |   |   |   |                |
--------    --------    ----    ----    
|   |   |           |   |           |    |
        ----                            
|   |   |       |   |       |   |   |    |
            --------    --------        
|             H     |   |   |       |    |
        ----        ----                
|   |       |   |           |   |   | L  |
----------------------------------------
(estacion:0: 0 1 1 2 3)
(estacion:1: 5 5 6)
(estacion:6: 17 23)
(estacion:8: 19 21)
(estacion:11: 9 9)
(estacion:12: 11 12 13)
(estacion:16: 15 25)
(estacion:22: 15 16)
(estacion:23: 18 19 19)
(estacion:24: 21 21 22 23)
(estacion:26: 13 27)
(estacion:34: 24 25 25 26)
(estacion:35: 27 28 29 29)
(jedi:S:23:21: 4 7 8 11 14 15 17)
(contrabandista:H:83:21:)
(familiareal:L:99:21: 3 7 10 13 17 20 23 27 29)
(imperial:D:26:21: 11 9 7 5 3 1)
(turno:21)
(galaxia:99)
(puerta:abierta: 1 3 5 7 9 11 13 15 17 19 21 23 25 27: 29)
------------------------------------------
|       |       |   |                    |
----    ----        ----    --------    
|           |           |   |   |        |
    ----        --------        ----    
|   |             S | D         |   |    |
        --------                        
|   |           |       |   |   |   |    |
--------------------    ----            
|                           |   |   |    |
----    ----        --------        ----
|           |   |   |   |                |
--------    --------    ----    ----    
|   |   |           |   |           |    |
        ----                            
|   |   |       |   |       |   |   |    |
            --------    --------        
|         H         |   |   |       |    |
        ----        ----                
|   |       |   |           |   |   |    |
----------------------------------------
(estacion:0: 0 1 1 2 3)
(estacion:1: 5 5 6)
(estacion:6: 17 23)
(estacion:8: 19 21)
(estacion:11: 9 9)
(estacion:12: 11 12 13)
(estacion:16: 15 25)
(estacion:22: 15 16)
(estacion:23: 18 19 19)
(estacion:24: 21 22 23)
(estacion:26: 13 27)
(estacion:34: 24 25 25 26)
(estacion:35: 27 28 29 29)
(jedi:S:24:22: 4 7 8 11 14 15 17 21)
(contrabandista:H:82:22:)
(imperial:D:25:22: 11 9 7 5 3 1)
(personajesganadores)
(ganador:familiareal:L:1111:22: 3 7 10 13 17 20 23 27)INFO: Prueba de LogSEVERE!!: Prueba Con mensaje SEVERE (Crítico)  - PANICO EN LA GALAXIA!!!INFO: Prueba de LogSEVERE!!: Prueba Con mensaje SEVERE (Crítico)  - PANICO EN LA GALAXIA!!!SEVERE!!: Prueba Con mensaje SEVERE (Crítico)  - PANICO EN LA GALAXIA!!!SEVERE!!: Prueba Con mensaje SEVERE (Crítico)  - PANICO EN LA GALAXIA!!!INFO: Prueba de LogSEVERE!!: Prueba Con mensaje SEVERE (Crítico)  - PANICO EN LA GALAXIA!!!INFO: Prueba de LogSEVERE!!: Prueba Con mensaje SEVERE (Crítico)  - PANICO EN LA GALAXIA!!!SEVERE!!: Prueba Con mensaje SEVERE (Crítico)  - PANICO EN LA GALAXIA!!!INFO: Prueba de LogSEVERE!!: Prueba Con mensaje SEVERE (Crítico)  - PANICO EN LA GALAXIA!!!INFO: Prueba de LogSEVERE!!: Prueba Con mensaje SEVERE (Crítico)  - PANICO EN LA GALAXIA!!!