 _ _ _ _ _ _ _ _ _ _
|  _  | |     | | | |
| | |_ _ _|_|     | |
| |_ _   _|_ _| |  _|
|_|  _|_     _ _|  _|
|    _  | |_|  _|_  |
|_|_|_ _ _|_ _ _ _ _|
(ruta:L: E E S E E N E E S E E S S S E S)
(ruta:S: S S S N N N E E S E E N E S N E S S O E N E S S O O O O N E O O O N S E E S E S S O N O O N E O S O S N E S N E E S O E E N N E S N E E N N E S S S E S)
(ruta:H: N E S N E E S O E E N N E S N E E N N E S S S E S)
(ruta:D: N O N N E N N S S O N O O N O O S O O N O O E E S E E N E E S E S S O O O S S O N O O O S N E E E S E N N E E E N N E S S S E S)
(turno:0)
(galaxia:59)
(puerta:cerrada:5: 1 3 5 7 9 11 13 15 17 19 21 23 25 27 29:)
 _ _ _ _ _ _ _ _ _ _
|2 _  | |     | | | |
| | |_ _ _|_|     | |
| |_ _   _|_ _| |  _|
|_|  _|_     _ _|  _|
|    _  | |_|  _|_  |
|H|_|_ _ _|_ _ _ _ D|
(estacion:0: 0 1 1 2 3)
(estacion:1: 3 4 5 5 6)
(estacion:2: 7 7 8 9 9)
(estacion:4: 20 21 21 22 23)
(estacion:5: 23 24 25 25 26)
(estacion:6: 27 27 28 29 29)
(estacion:12: 10 11 11 12 13)
(estacion:13: 13 14 15 15 16)
(estacion:14: 17 17 18 19 19)
(familiareal:L:0:1:)
(jedi:S:0:2:)
(contrabanadista:H:50:1:)
(imperial:D:59:1: 29 27 25 23 21 19 17 15 13 11 9 7 5 3 1)
(turno:1)
(galaxia:59)
(puerta:cerrada:5: 1 3 5 7 9 11 13 15 17 19 21 23 25 27 29:)
 _ _ _ _ _ _ _ _ _ _
|S L  | |     | | | |
| | |_ _ _|_|     | |
| |_ _   _|_ _| |  _|
|_|  _|_     _ _|  _|
|H   _  | |_|  _|_ D|
|_|_|_ _ _|_ _ _ _ _|
(estacion:0: 0 1 1 2 3)
(estacion:1: 4 5 5 6)
(estacion:2: 7 7 8 9 9)
(estacion:4: 20 21 21 22 23)
(estacion:5: 23 24 25 25 26)
(estacion:6: 27 27 28 29 29)
(estacion:12: 10 11 11 12 13)
(estacion:13: 13 14 15 15 16)
(estacion:14: 17 17 18 19 19)
(jedi:S:0:2:)
(familiareal:L:1:1: 3)
(contrabanadista:H:40:1:)
(imperial:D:49:1: 29 27 25 23 21 19 17 15 13 11 9 7 5 3 1)
(turno:2)
(galaxia:59)
(puerta:cerrada:5: 1 3 5 7 9 11 13 15 17 19 21 23 25 27 29:)
 _ _ _ _ _ _ _ _ _ _
|  _ L| |     | | | |
|S| |_ _ _|_|     | |
| |_ _   _|_ _| |  _|
|_|  _|_     _ _|  _|
|  H _  | |_|  _|D  |
|_|_|_ _ _|_ _ _ _ _|
(estacion:0: 0 1 1 2 3)
(estacion:1: 4 5 5 6)
(estacion:2: 7 8 9 9)
(estacion:4: 20 21 21 22 23)
(estacion:5: 23 24 25 25 26)
(estacion:6: 27 27 28 29 29)
(estacion:12: 10 11 11 12 13)
(estacion:13: 13 14 15 15 16)
(estacion:14: 17 17 18 19 19)
(estacion:48: 29)
(familiareal:L:2:2: 7 3)
(jedi:S:10:2:)
(contrabanadista:H:41:2:)
(imperial:D:48:2: 27 25 23 21 19 17 15 13 11 9 7 5 3 1)
(turno:3)
(galaxia:59)
(puerta:cerrada:5: 1 3 5 7 9 11 13 15 17 19 21 23 25 27 29:)
 _ _ _ _ _ _ _ _ _ _
|  _  | |     | | | |
| | |L _ _|_|     | |
|S|_ _   _|_ _| |  _|
|_|  _|_     _ _|D _|
|    _  | |_|  _|_  |
|_|H|_ _ _|_ _ _ _ _|
(estacion:0: 0 1 1 2 3)
(estacion:1: 4 5 5 6)
(estacion:2: 7 8 9 9)
(estacion:4: 20 21 21 22 23)
(estacion:5: 23 24 25 25 26)
(estacion:6: 27 27 28 29 29)
(estacion:12: 11 11 12 13)
(estacion:13: 13 14 15 15 16)
(estacion:14: 17 17 18 19 19)
(estacion:38: 27)
(estacion:48: 29)
(familiareal:L:12:3: 10 7 3)
(jedi:S:20:3:)
(imperial:D:38:3: 25 23 21 19 17 15 13 11 9 7 5 3 1)
(contrabanadista:H:51:3:)
(turno:4)
(galaxia:59)
(puerta:cerrada:5: 1 3 5 7 9 11 13 15 17 19 21 23 25 27 29:)
 _ _ _ _ _ _ _ _ _ _
|  _  | |     | | | |
| | |_ L _|_|     | |
| |_ _   _|_ _| |D _|
|S|  _|_     _ _|  _|
|  H _  | |_|  _|_  |
|_|_|_ _ _|_ _ _ _ _|
(estacion:0: 0 1 1 2 3)
(estacion:1: 4 5 5 6)
(estacion:2: 7 8 9 9)
(estacion:4: 20 21 21 22 23)
(estacion:5: 23 24 25 25 26)
(estacion:6: 27 27 28 29 29)
(estacion:12: 11 11 12 13)
(estacion:13: 14 15 15 16)
(estacion:14: 17 17 18 19 19)
(estacion:28: 25)
(estacion:38: 27)
(estacion:48: 29)
(familiareal:L:13:4: 13 10 7 3)
(imperial:D:28:4: 23 21 19 17 15 13 11 9 7 5 3 1)
(jedi:S:30:4:)
(contrabanadista:H:41:4:)
(turno:5)
(galaxia:59)
(puerta:cerrada:5: 1 3 5 7 9 11 13 15 17 19 21 23 25 27 29:)
 _ _ _ _ _ _ _ _ _ _
|  _  | |     | | | |
| | |_ _ L|_|     | |
|S|_ _   _|_ _| |  D|
|_|  _|_     _ _|  _|
|    H  | |_|  _|_  |
|_|_|_ _ _|_ _ _ _ _|
(estacion:0: 0 1 1 2 3)
(estacion:1: 4 5 5 6)
(estacion:2: 7 8 9 9)
(estacion:4: 20 21 21 22 23)
(estacion:5: 23 24 25 25 26)
(estacion:6: 27 27 28 29 29)
(estacion:12: 11 11 12 13)
(estacion:13: 14 15 15 16)
(estacion:14: 17 18 19 19)
(estacion:28: 25)
(estacion:38: 27)
(estacion:48: 29)
(familiareal:L:14:5: 17 13 10 7 3)
(jedi:S:20:5:)
(imperial:D:29:5: 23 21 19 17 15 13 11 9 7 5 3 1)
(contrabanadista:H:42:5:)
(turno:6)
(galaxia:59)
(puerta:cerrada:5: 1 3 5 7 9 11 13 15 17 19 21 23 25 27 29:)
 _ _ _ _ _ _ _ _ _ _
|  _  | |L    | | | |
|S| |_ _ _|_|     |D|
| |_ _   _|_ _| |  _|
|_|  _|_     _ _|  _|
|    _ H| |_|  _|_  |
|_|_|_ _ _|_ _ _ _ _|
(estacion:0: 0 1 1 2 3)
(estacion:1: 4 5 5 6)
(estacion:2: 7 8 9 9)
(estacion:4: 21 21 22 23)
(estacion:5: 23 24 25 25 26)
(estacion:6: 27 27 28 29 29)
(estacion:12: 11 11 12 13)
(estacion:13: 14 15 15 16)
(estacion:14: 17 18 19 19)
(estacion:28: 25)
(estacion:38: 27)
(estacion:48: 29)
(familiareal:L:4:6: 20 17 13 10 7 3)
(jedi:S:10:6:)
(imperial:D:19:6: 23 21 19 17 15 13 11 9 7 5 3 1)
(contrabanadista:H:43:6:)
(turno:7)
(galaxia:59)
(puerta:cerrada:5: 1 3 5 7 9 11 13 15 17 19 21 23 25 27 29:)
 _ _ _ _ _ _ _ _ _ _
|S _  | |  L  | | |D|
| | |_ _ _|_|     | |
| |_ _   _|_ _| |  _|
|_|  _|_     _ _|  _|
|    _  | |_|  _|_  |
|_|_|_ H _|_ _ _ _ _|
(estacion:0: 1 1 2 3)
(estacion:1: 4 5 5 6)
(estacion:2: 7 8 9 9)
(estacion:4: 21 21 22 23)
(estacion:5: 24 25 25 26)
(estacion:6: 27 27 28 29 29)
(estacion:12: 11 11 12 13)
(estacion:13: 14 15 15 16)
(estacion:14: 17 18 19 19)
(estacion:28: 25)
(estacion:38: 27)
(estacion:48: 29)
(jedi:S:0:7: 0)
(familiareal:L:5:7: 23 20 17 13 10 7 3)
(imperial:D:9:7: 23 21 19 17 15 13 11 9 7 5 3 1)
(contrabanadista:H:53:7:)
(turno:8)
(galaxia:59)
(puerta:cerrada:5: 1 3 5 7 9 11 13 15 17 19 21 23 25 27 29:)
 _ _ _ _ _ _ _ _ _ _
|  S  | |    L| | | |
| | |_ _ _|_|     |D|
| |_ _   _|_ _| |  _|
|_|  _|_     _ _|  _|
|    _  | |_|  _|_  |
|_|_|H _ _|_ _ _ _ _|
(estacion:0: 1 1 2 3)
(estacion:1: 5 5 6)
(estacion:2: 7 8 9 9)
(estacion:4: 21 21 22 23)
(estacion:5: 24 25 25 26)
(estacion:6: 27 28 29 29)
(estacion:12: 11 11 12 13)
(estacion:13: 14 15 15 16)
(estacion:14: 17 18 19 19)
(estacion:28: 25)
(estacion:38: 27)
(estacion:48: 29)
(jedi:S:1:8: 4 0)
(familiareal:L:6:8: 27 23 20 17 13 10 7 3)
(imperial:D:19:8: 23 21 19 17 15 13 11 9 7 5 3 1)
(contrabanadista:H:52:8:)
(turno:9)
(galaxia:59)
(puerta:cerrada:5: 1 3 5 7 9 11 13 15 17 19 21 23 25 27 29:)
 _ _ _ _ _ _ _ _ _ _
|  _ S| |     | | | |
| | |_ _ _|_|L    | |
| |_ _   _|_ _| |  D|
|_|  _|_     _ _|  _|
|    _  | |_|  _|_  |
|_|_|_ H _|_ _ _ _ _|
(estacion:0: 1 1 2 3)
(estacion:1: 5 5 6)
(estacion:2: 8 9 9)
(estacion:4: 21 21 22 23)
(estacion:5: 24 25 25 26)
(estacion:6: 27 28 29 29)
(estacion:12: 11 11 12 13)
(estacion:13: 14 15 15 16)
(estacion:14: 17 18 19 19)
(estacion:28: 25)
(estacion:38: 27)
(estacion:48: 29)
(jedi:S:2:9: 7 4 0)
(familiareal:L:16:9: 27 23 20 17 13 10 7 3)
(imperial:D:29:9: 23 21 19 17 15 13 11 9 7 5 3 1)
(contrabanadista:H:53:9:)
(turno:10)
(galaxia:59)
(puerta:cerrada:5: 1 3 5 7 9 11 13 15 17 19 21 23 25 27 29:)
 _ _ _ _ _ _ _ _ _ _
|  _  | |     | | | |
| | |S _ _|_|  L  | |
| |_ _   _|_ _| |D _|
|_|  _|_     _ _|  _|
|    _  | |_|  _|_  |
|_|_|_ _ H|_ _ _ _ _|
(estacion:0: 1 1 2 3)
(estacion:1: 5 5 6)
(estacion:2: 8 9 9)
(estacion:4: 21 21 22 23)
(estacion:5: 24 25 25 26)
(estacion:6: 27 28 29 29)
(estacion:12: 11 12 13)
(estacion:13: 14 15 15 16)
(estacion:14: 17 18 19 19)
(estacion:28: 23 25)
(estacion:38: 27)
(estacion:48: 29)
(jedi:S:12:10: 11 7 4 0)
(familiareal:L:17:10: 27 23 20 17 13 10 7 3)
(imperial:D:28:10: 21 19 17 15 13 11 9 7 5 3 1)
(contrabanadista:H:54:10:)
(turno:11)
(galaxia:59)
(puerta:cerrada:5: 1 3 5 7 9 11 13 15 17 19 21 23 25 27 29:)
 _ _ _ _ _ _ _ _ _ _
|  _  | |     | | | |
| | |_ S _|_|    2| |
| |_ _   _|_ _| |  _|
|_|  _|_     _ _|  _|
|    _  |H|_|  _|_  |
|_|_|_ _ _|_ _ _ _ _|
(estacion:0: 1 1 2 3)
(estacion:1: 5 5 6)
(estacion:2: 8 9 9)
(estacion:4: 21 21 22 23)
(estacion:5: 24 25 25 26)
(estacion:6: 27 28 29 29)
(estacion:12: 11 12 13)
(estacion:13: 15 15 16)
(estacion:14: 17 18 19 19)
(estacion:18: 21)
(estacion:28: 23 25)
(estacion:38: 27)
(estacion:48: 29)
(jedi:S:13:11: 14 11 7 4 0)
(familiareal:L:18:11: 27 23 20 17 13 10 7 3)
(imperial:D:18:11: 19 17 15 13 11 9 7 5 3 1)
(contrabanadista:H:44:11:)
(turno:12)
(galaxia:59)
(puerta:cerrada:5: 1 3 5 7 9 11 13 15 17 19 21 23 25 27 29:)
 _ _ _ _ _ _ _ _ _ _
|  _  | |     | | | |
| | |_ _ S|_|  D  | |
| |_ _   _|_ _| |L _|
|_|  _|_ H   _ _|  _|
|    _  | |_|  _|_  |
|_|_|_ _ _|_ _ _ _ _|
(estacion:0: 1 1 2 3)
(estacion:1: 5 5 6)
(estacion:2: 8 9 9)
(estacion:4: 21 21 22 23)
(estacion:5: 24 25 25 26)
(estacion:6: 27 28 29 29)
(estacion:12: 11 12 13)
(estacion:13: 15 15 16)
(estacion:14: 18 19 19)
(estacion:18: 21)
(estacion:28: 25)
(estacion:38: 27)
(estacion:48: 29)
(jedi:S:14:12: 17 14 11 7 4 0)
(imperial:D:17:12: 19 17 15 13 11 9 7 5 3 1)
(familiareal:L:28:12: 23 27 23 20 17 13 10 7 3)
(contrabanadista:H:34:12:)
(turno:13)
(galaxia:59)
(puerta:cerrada:5: 1 3 5 7 9 11 13 15 17 19 21 23 25 27 29:)
 _ _ _ _ _ _ _ _ _ _
|  _  | |S    | | | |
| | |_ _ _|_|D    | |
| |_ _   _|_ _| |  _|
|_|  _|_   H _ _|L _|
|    _  | |_|  _|_  |
|_|_|_ _ _|_ _ _ _ _|
(estacion:0: 1 1 2 3)
(estacion:1: 5 5 6)
(estacion:2: 8 9 9)
(estacion:4: 21 22 23)
(estacion:5: 24 25 25 26)
(estacion:6: 27 28 29 29)
(estacion:12: 11 12 13)
(estacion:13: 15 15 16)
(estacion:14: 18 19 19)
(estacion:16: 19)
(estacion:18: 21)
(estacion:28: 25)
(estacion:48: 29)
(jedi:S:4:13: 21 17 14 11 7 4 0)
(imperial:D:16:13: 17 15 13 11 9 7 5 3 1)
(contrabanadista:H:35:13:)
(familiareal:L:38:13: 27 23 27 23 20 17 13 10 7 3)
(turno:14)
(galaxia:59)
(puerta:cerrada:5: 1 3 5 7 9 11 13 15 17 19 21 23 25 27 29:)
 _ _ _ _ _ _ _ _ _ _
|  _  | |  S D| | | |
| | |_ _ _|_|     | |
| |_ _   _|_ _| |  _|
|_|  _|_     _ _|  _|
|    _  | |H|  _|L  |
|_|_|_ _ _|_ _ _ _ _|
(estacion:0: 1 1 2 3)
(estacion:1: 5 5 6)
(estacion:2: 8 9 9)
(estacion:4: 21 22 23)
(estacion:5: 25 25 26)
(estacion:6: 17 27 28 29 29)
(estacion:12: 11 12 13)
(estacion:13: 15 15 16)
(estacion:14: 18 19 19)
(estacion:16: 19)
(estacion:18: 21)
(estacion:28: 25)
(jedi:S:5:14: 24 21 17 14 11 7 4 0)
(imperial:D:6:14: 15 13 11 9 7 5 3 1)
(contrabanadista:H:45:14:)
(familiareal:L:48:14: 29 27 23 27 23 20 17 13 10 7 3)
(turno:15)
(galaxia:59)
(puerta:cerrada:5: 1 3 5 7 9 11 13 15 17 19 21 23 25 27 29:)
 _ _ _ _ _ _ _ _ _ _
|  _  | |  D  | | | |
| | |_ _ _|S|     | |
| |_ _   _|_ _| |  _|
|_|  _|_   H _ _|  _|
|    _  | |_|  _|_ L|
|_|_|_ _ _|_ _ _ _ _|
(estacion:0: 1 1 2 3)
(estacion:1: 5 5 6)
(estacion:2: 8 9 9)
(estacion:4: 21 22 23)
(estacion:5: 25 25 26)
(estacion:6: 17 27 28 29 29)
(estacion:12: 11 12 13)
(estacion:13: 15 15 16)
(estacion:14: 18 19 19)
(estacion:16: 19)
(estacion:18: 21)
(estacion:28: 25)
(imperial:D:5:15: 15 13 11 9 7 5 3 1)
(jedi:S:15:15: 24 21 17 14 11 7 4 0)
(contrabanadista:H:35:15:)
(familiareal:L:49:15: 29 27 23 27 23 20 17 13 10 7 3)
(turno:16)
(galaxia:59)
(puerta:cerrada:5: 1 3 5 7 9 11 13 15 17 19 21 23 25 27 29:)
 _ _ _ _ _ _ _ _ _ _
|  _  | |D S  | | | |
| | |_ _ _|_|     | |
| |_ _   _|_ _| |  _|
|_|  _|_     H _|  _|
|    _  | |_|  _|_  |
|_|_|_ _ _|_ _ _ _ L|
(estacion:0: 1 1 2 3)
(estacion:1: 5 5 6)
(estacion:2: 8 9 9)
(estacion:4: 15 21 22 23)
(estacion:5: 25 26)
(estacion:6: 17 27 28 29 29)
(estacion:12: 11 12 13)
(estacion:13: 15 15 16)
(estacion:14: 18 19 19)
(estacion:16: 19)
(estacion:18: 21)
(estacion:28: 25)
(imperial:D:4:16: 13 11 9 7 5 3 1)
(jedi:S:5:16: 25 24 21 17 14 11 7 4 0)
(contrabanadista:H:36:16:)
(familiareal:L:59:16: 29 27 23 27 23 20 17 13 10 7 3)
(turno:17)
(galaxia:59)
(puerta:abierta:5: 1 3 5 7 9 11 13 15 17 19 21 23 25 27: 29)
 _ _ _ _ _ _ _ _ _ _
|  _  | |    S| | | |
| | |_ _ D|_|     | |
| |_ _   _|_ _| |  _|
|_|  _|_     _ H|  _|
|    _  | |_|  _|_  |
|_|_|_ _ _|_ _ _ _ _|
(estacion:0: 1 1 2 3)
(estacion:1: 5 5 6)
(estacion:2: 8 9 9)
(estacion:4: 15 21 22 23)
(estacion:5: 25 26)
(estacion:6: 27 28 29 29)
(estacion:12: 11 12 13)
(estacion:13: 15 15 16)
(estacion:14: 13 18 19 19)
(estacion:16: 19)
(estacion:18: 21)
(estacion:28: 25)
(jedi:S:6:17: 17 25 24 21 17 14 11 7 4 0)
(imperial:D:14:17: 11 9 7 5 3 1)
(contrabanadista:H:37:17:)
(personajesganadores)
(ganador:familiareal:L:1111:17: 27 23 27 23 20 17 13 10 7 3)
